<?xml version="1.0" encoding="UTF-8"?>
<!-- Generated by org.testng.reporters.JUnitReportReporter -->
<testsuite hostname="LAPTOP-GOTTJ4RP" name="testCasesForActiTime.LoginTestCases" tests="1" failures="0" timestamp="27 May 2023 19:34:31 GMT" time="11.748" errors="0">
  <testcase name="getLogin" time="11.748" classname="testCasesForActiTime.LoginTestCases"/>
</testsuite> <!-- testCasesForActiTime.LoginTestCases -->
